This is pdfTeX, Version 3.14159265-2.6-1.40.20 (MiKTeX 2.9.7200 64-bit) (preloaded format=pdflatex 2019.11.11)  11 NOV 2019 16:09
entering extended mode
**./GeometryMain.tex
(GeometryMain.tex
LaTeX2e <2019-10-01> patch level 1

("C:\Users\19107262\AppData\Local\Programs\MiKTeX 2.9\tex/latex/base\article.cl
s"
Document Class: article 2019/08/27 v1.4j Standard LaTeX document class
("C:\Users\19107262\AppData\Local\Programs\MiKTeX 2.9\tex/latex/base\size10.clo
"
File: size10.clo 2019/08/27 v1.4j Standard LaTeX file (size option)
)
\c@part=\count80
\c@section=\count81
\c@subsection=\count82
\c@subsubsection=\count83
\c@paragraph=\count84
\c@subparagraph=\count85
\c@figure=\count86
\c@table=\count87
\abovecaptionskip=\skip41
\belowcaptionskip=\skip42
\bibindent=\dimen102
)
("C:\Users\19107262\AppData\Local\Programs\MiKTeX 2.9\tex/latex/pgf/frontendlay
er\tikz.sty"
("C:\Users\19107262\AppData\Local\Programs\MiKTeX 2.9\tex/latex/pgf/basiclayer\
pgf.sty"
("C:\Users\19107262\AppData\Local\Programs\MiKTeX 2.9\tex/latex/pgf/utilities\p
gfrcs.sty"
("C:\Users\19107262\AppData\Local\Programs\MiKTeX 2.9\tex/generic/pgf/utilities
\pgfutil-common.tex"
\pgfutil@everybye=\toks14
\pgfutil@tempdima=\dimen103
\pgfutil@tempdimb=\dimen104

("C:\Users\19107262\AppData\Local\Programs\MiKTeX 2.9\tex/generic/pgf/utilities
\pgfutil-common-lists.tex"))
("C:\Users\19107262\AppData\Local\Programs\MiKTeX 2.9\tex/generic/pgf/utilities
\pgfutil-latex.def"
\pgfutil@abb=\box27

("C:\Users\19107262\AppData\Local\Programs\MiKTeX 2.9\tex/latex/ms\everyshi.sty
"
Package: everyshi 2001/05/15 v3.00 EveryShipout Package (MS)
))
("C:\Users\19107262\AppData\Local\Programs\MiKTeX 2.9\tex/generic/pgf/utilities
\pgfrcs.code.tex"
("C:\Users\19107262\AppData\Local\Programs\MiKTeX 2.9\tex/generic/pgf\pgf.revis
ion.tex")
Package: pgfrcs 2019/08/03 v3.1.4b (3.1.4b)
))
Package: pgf 2019/08/03 v3.1.4b (3.1.4b)

("C:\Users\19107262\AppData\Local\Programs\MiKTeX 2.9\tex/latex/pgf/basiclayer\
pgfcore.sty"
("C:\Users\19107262\AppData\Local\Programs\MiKTeX 2.9\tex/latex/graphics\graphi
cx.sty"
Package: graphicx 2017/06/01 v1.1a Enhanced LaTeX Graphics (DPC,SPQR)

("C:\Users\19107262\AppData\Local\Programs\MiKTeX 2.9\tex/latex/graphics\keyval
.sty"
Package: keyval 2014/10/28 v1.15 key=value parser (DPC)
\KV@toks@=\toks15
)
("C:\Users\19107262\AppData\Local\Programs\MiKTeX 2.9\tex/latex/graphics\graphi
cs.sty"
Package: graphics 2019/10/08 v1.3c Standard LaTeX Graphics (DPC,SPQR)

("C:\Users\19107262\AppData\Local\Programs\MiKTeX 2.9\tex/latex/graphics\trig.s
ty"
Package: trig 2016/01/03 v1.10 sin cos tan (DPC)
)
("C:\Users\19107262\AppData\Local\Programs\MiKTeX 2.9\tex/latex/graphics-cfg\gr
aphics.cfg"
File: graphics.cfg 2016/06/04 v1.11 sample graphics configuration
)
Package graphics Info: Driver file: pdftex.def on input line 105.

("C:\Users\19107262\AppData\Local\Programs\MiKTeX 2.9\tex/latex/graphics-def\pd
ftex.def"
File: pdftex.def 2018/01/08 v1.0l Graphics/color driver for pdftex
))
\Gin@req@height=\dimen105
\Gin@req@width=\dimen106
)
("C:\Users\19107262\AppData\Local\Programs\MiKTeX 2.9\tex/latex/pgf/systemlayer
\pgfsys.sty"
("C:\Users\19107262\AppData\Local\Programs\MiKTeX 2.9\tex/generic/pgf/systemlay
er\pgfsys.code.tex"
Package: pgfsys 2019/08/03 v3.1.4b (3.1.4b)

("C:\Users\19107262\AppData\Local\Programs\MiKTeX 2.9\tex/generic/pgf/utilities
\pgfkeys.code.tex"
\pgfkeys@pathtoks=\toks16
\pgfkeys@temptoks=\toks17

("C:\Users\19107262\AppData\Local\Programs\MiKTeX 2.9\tex/generic/pgf/utilities
\pgfkeysfiltered.code.tex"
\pgfkeys@tmptoks=\toks18
))
\pgf@x=\dimen107
\pgf@y=\dimen108
\pgf@xa=\dimen109
\pgf@ya=\dimen110
\pgf@xb=\dimen111
\pgf@yb=\dimen112
\pgf@xc=\dimen113
\pgf@yc=\dimen114
\pgf@xd=\dimen115
\pgf@yd=\dimen116
\w@pgf@writea=\write3
\r@pgf@reada=\read1
\c@pgf@counta=\count88
\c@pgf@countb=\count89
\c@pgf@countc=\count90
\c@pgf@countd=\count91
\t@pgf@toka=\toks19
\t@pgf@tokb=\toks20
\t@pgf@tokc=\toks21
\pgf@sys@id@count=\count92

("C:\Users\19107262\AppData\Local\Programs\MiKTeX 2.9\tex/generic/pgf/systemlay
er\pgf.cfg"
File: pgf.cfg 2019/08/03 v3.1.4b (3.1.4b)
)
Driver file for pgf: pgfsys-pdftex.def

("C:\Users\19107262\AppData\Local\Programs\MiKTeX 2.9\tex/generic/pgf/systemlay
er\pgfsys-pdftex.def"
File: pgfsys-pdftex.def 2019/08/03 v3.1.4b (3.1.4b)

("C:\Users\19107262\AppData\Local\Programs\MiKTeX 2.9\tex/generic/pgf/systemlay
er\pgfsys-common-pdf.def"
File: pgfsys-common-pdf.def 2019/08/03 v3.1.4b (3.1.4b)
)))
("C:\Users\19107262\AppData\Local\Programs\MiKTeX 2.9\tex/generic/pgf/systemlay
er\pgfsyssoftpath.code.tex"
File: pgfsyssoftpath.code.tex 2019/08/03 v3.1.4b (3.1.4b)
\pgfsyssoftpath@smallbuffer@items=\count93
\pgfsyssoftpath@bigbuffer@items=\count94
)
("C:\Users\19107262\AppData\Local\Programs\MiKTeX 2.9\tex/generic/pgf/systemlay
er\pgfsysprotocol.code.tex"
File: pgfsysprotocol.code.tex 2019/08/03 v3.1.4b (3.1.4b)
))
("C:\Users\19107262\AppData\Local\Programs\MiKTeX 2.9\tex/latex/xcolor\xcolor.s
ty"
Package: xcolor 2016/05/11 v2.12 LaTeX color extensions (UK)

("C:\Users\19107262\AppData\Local\Programs\MiKTeX 2.9\tex/latex/graphics-cfg\co
lor.cfg"
File: color.cfg 2016/01/02 v1.6 sample color configuration
)
Package xcolor Info: Driver file: pdftex.def on input line 225.
Package xcolor Info: Model `cmy' substituted by `cmy0' on input line 1348.
Package xcolor Info: Model `hsb' substituted by `rgb' on input line 1352.
Package xcolor Info: Model `RGB' extended on input line 1364.
Package xcolor Info: Model `HTML' substituted by `rgb' on input line 1366.
Package xcolor Info: Model `Hsb' substituted by `hsb' on input line 1367.
Package xcolor Info: Model `tHsb' substituted by `hsb' on input line 1368.
Package xcolor Info: Model `HSB' substituted by `hsb' on input line 1369.
Package xcolor Info: Model `Gray' substituted by `gray' on input line 1370.
Package xcolor Info: Model `wave' substituted by `hsb' on input line 1371.
)
("C:\Users\19107262\AppData\Local\Programs\MiKTeX 2.9\tex/generic/pgf/basiclaye
r\pgfcore.code.tex"
Package: pgfcore 2019/08/03 v3.1.4b (3.1.4b)

("C:\Users\19107262\AppData\Local\Programs\MiKTeX 2.9\tex/generic/pgf/math\pgfm
ath.code.tex"
("C:\Users\19107262\AppData\Local\Programs\MiKTeX 2.9\tex/generic/pgf/math\pgfm
athcalc.code.tex"
("C:\Users\19107262\AppData\Local\Programs\MiKTeX 2.9\tex/generic/pgf/math\pgfm
athutil.code.tex")
("C:\Users\19107262\AppData\Local\Programs\MiKTeX 2.9\tex/generic/pgf/math\pgfm
athparser.code.tex"
\pgfmath@dimen=\dimen117
\pgfmath@count=\count95
\pgfmath@box=\box28
\pgfmath@toks=\toks22
\pgfmath@stack@operand=\toks23
\pgfmath@stack@operation=\toks24
)
("C:\Users\19107262\AppData\Local\Programs\MiKTeX 2.9\tex/generic/pgf/math\pgfm
athfunctions.code.tex"
("C:\Users\19107262\AppData\Local\Programs\MiKTeX 2.9\tex/generic/pgf/math\pgfm
athfunctions.basic.code.tex")
("C:\Users\19107262\AppData\Local\Programs\MiKTeX 2.9\tex/generic/pgf/math\pgfm
athfunctions.trigonometric.code.tex")
("C:\Users\19107262\AppData\Local\Programs\MiKTeX 2.9\tex/generic/pgf/math\pgfm
athfunctions.random.code.tex")
("C:\Users\19107262\AppData\Local\Programs\MiKTeX 2.9\tex/generic/pgf/math\pgfm
athfunctions.comparison.code.tex")
("C:\Users\19107262\AppData\Local\Programs\MiKTeX 2.9\tex/generic/pgf/math\pgfm
athfunctions.base.code.tex")
("C:\Users\19107262\AppData\Local\Programs\MiKTeX 2.9\tex/generic/pgf/math\pgfm
athfunctions.round.code.tex")
("C:\Users\19107262\AppData\Local\Programs\MiKTeX 2.9\tex/generic/pgf/math\pgfm
athfunctions.misc.code.tex")
("C:\Users\19107262\AppData\Local\Programs\MiKTeX 2.9\tex/generic/pgf/math\pgfm
athfunctions.integerarithmetics.code.tex")))
("C:\Users\19107262\AppData\Local\Programs\MiKTeX 2.9\tex/generic/pgf/math\pgfm
athfloat.code.tex"
\c@pgfmathroundto@lastzeros=\count96
))
("C:\Users\19107262\AppData\Local\Programs\MiKTeX 2.9\tex/generic/pgf/math\pgfi
nt.code.tex")
("C:\Users\19107262\AppData\Local\Programs\MiKTeX 2.9\tex/generic/pgf/basiclaye
r\pgfcorepoints.code.tex"
File: pgfcorepoints.code.tex 2019/08/03 v3.1.4b (3.1.4b)
\pgf@picminx=\dimen118
\pgf@picmaxx=\dimen119
\pgf@picminy=\dimen120
\pgf@picmaxy=\dimen121
\pgf@pathminx=\dimen122
\pgf@pathmaxx=\dimen123
\pgf@pathminy=\dimen124
\pgf@pathmaxy=\dimen125
\pgf@xx=\dimen126
\pgf@xy=\dimen127
\pgf@yx=\dimen128
\pgf@yy=\dimen129
\pgf@zx=\dimen130
\pgf@zy=\dimen131
)
("C:\Users\19107262\AppData\Local\Programs\MiKTeX 2.9\tex/generic/pgf/basiclaye
r\pgfcorepathconstruct.code.tex"
File: pgfcorepathconstruct.code.tex 2019/08/03 v3.1.4b (3.1.4b)
\pgf@path@lastx=\dimen132
\pgf@path@lasty=\dimen133
)
("C:\Users\19107262\AppData\Local\Programs\MiKTeX 2.9\tex/generic/pgf/basiclaye
r\pgfcorepathusage.code.tex"
File: pgfcorepathusage.code.tex 2019/08/03 v3.1.4b (3.1.4b)
\pgf@shorten@end@additional=\dimen134
\pgf@shorten@start@additional=\dimen135
)
("C:\Users\19107262\AppData\Local\Programs\MiKTeX 2.9\tex/generic/pgf/basiclaye
r\pgfcorescopes.code.tex"
File: pgfcorescopes.code.tex 2019/08/03 v3.1.4b (3.1.4b)
\pgfpic=\box29
\pgf@hbox=\box30
\pgf@layerbox@main=\box31
\pgf@picture@serial@count=\count97
)
("C:\Users\19107262\AppData\Local\Programs\MiKTeX 2.9\tex/generic/pgf/basiclaye
r\pgfcoregraphicstate.code.tex"
File: pgfcoregraphicstate.code.tex 2019/08/03 v3.1.4b (3.1.4b)
\pgflinewidth=\dimen136
)
("C:\Users\19107262\AppData\Local\Programs\MiKTeX 2.9\tex/generic/pgf/basiclaye
r\pgfcoretransformations.code.tex"
File: pgfcoretransformations.code.tex 2019/08/03 v3.1.4b (3.1.4b)
\pgf@pt@x=\dimen137
\pgf@pt@y=\dimen138
\pgf@pt@temp=\dimen139
)
("C:\Users\19107262\AppData\Local\Programs\MiKTeX 2.9\tex/generic/pgf/basiclaye
r\pgfcorequick.code.tex"
File: pgfcorequick.code.tex 2019/08/03 v3.1.4b (3.1.4b)
)
("C:\Users\19107262\AppData\Local\Programs\MiKTeX 2.9\tex/generic/pgf/basiclaye
r\pgfcoreobjects.code.tex"
File: pgfcoreobjects.code.tex 2019/08/03 v3.1.4b (3.1.4b)
)
("C:\Users\19107262\AppData\Local\Programs\MiKTeX 2.9\tex/generic/pgf/basiclaye
r\pgfcorepathprocessing.code.tex"
File: pgfcorepathprocessing.code.tex 2019/08/03 v3.1.4b (3.1.4b)
)
("C:\Users\19107262\AppData\Local\Programs\MiKTeX 2.9\tex/generic/pgf/basiclaye
r\pgfcorearrows.code.tex"
File: pgfcorearrows.code.tex 2019/08/03 v3.1.4b (3.1.4b)
\pgfarrowsep=\dimen140
)
("C:\Users\19107262\AppData\Local\Programs\MiKTeX 2.9\tex/generic/pgf/basiclaye
r\pgfcoreshade.code.tex"
File: pgfcoreshade.code.tex 2019/08/03 v3.1.4b (3.1.4b)
\pgf@max=\dimen141
\pgf@sys@shading@range@num=\count98
\pgf@shadingcount=\count99
)
("C:\Users\19107262\AppData\Local\Programs\MiKTeX 2.9\tex/generic/pgf/basiclaye
r\pgfcoreimage.code.tex"
File: pgfcoreimage.code.tex 2019/08/03 v3.1.4b (3.1.4b)

("C:\Users\19107262\AppData\Local\Programs\MiKTeX 2.9\tex/generic/pgf/basiclaye
r\pgfcoreexternal.code.tex"
File: pgfcoreexternal.code.tex 2019/08/03 v3.1.4b (3.1.4b)
\pgfexternal@startupbox=\box32
))
("C:\Users\19107262\AppData\Local\Programs\MiKTeX 2.9\tex/generic/pgf/basiclaye
r\pgfcorelayers.code.tex"
File: pgfcorelayers.code.tex 2019/08/03 v3.1.4b (3.1.4b)
)
("C:\Users\19107262\AppData\Local\Programs\MiKTeX 2.9\tex/generic/pgf/basiclaye
r\pgfcoretransparency.code.tex"
File: pgfcoretransparency.code.tex 2019/08/03 v3.1.4b (3.1.4b)
)
("C:\Users\19107262\AppData\Local\Programs\MiKTeX 2.9\tex/generic/pgf/basiclaye
r\pgfcorepatterns.code.tex"
File: pgfcorepatterns.code.tex 2019/08/03 v3.1.4b (3.1.4b)
)
("C:\Users\19107262\AppData\Local\Programs\MiKTeX 2.9\tex/generic/pgf/basiclaye
r\pgfcorerdf.code.tex"
File: pgfcorerdf.code.tex 2019/08/03 v3.1.4b (3.1.4b)
)))
("C:\Users\19107262\AppData\Local\Programs\MiKTeX 2.9\tex/generic/pgf/modules\p
gfmoduleshapes.code.tex"
File: pgfmoduleshapes.code.tex 2019/08/03 v3.1.4b (3.1.4b)
\pgfnodeparttextbox=\box33
)
("C:\Users\19107262\AppData\Local\Programs\MiKTeX 2.9\tex/generic/pgf/modules\p
gfmoduleplot.code.tex"
File: pgfmoduleplot.code.tex 2019/08/03 v3.1.4b (3.1.4b)
)
("C:\Users\19107262\AppData\Local\Programs\MiKTeX 2.9\tex/latex/pgf/compatibili
ty\pgfcomp-version-0-65.sty"
Package: pgfcomp-version-0-65 2019/08/03 v3.1.4b (3.1.4b)
\pgf@nodesepstart=\dimen142
\pgf@nodesepend=\dimen143
)
("C:\Users\19107262\AppData\Local\Programs\MiKTeX 2.9\tex/latex/pgf/compatibili
ty\pgfcomp-version-1-18.sty"
Package: pgfcomp-version-1-18 2019/08/03 v3.1.4b (3.1.4b)
))
("C:\Users\19107262\AppData\Local\Programs\MiKTeX 2.9\tex/latex/pgf/utilities\p
gffor.sty"
("C:\Users\19107262\AppData\Local\Programs\MiKTeX 2.9\tex/latex/pgf/utilities\p
gfkeys.sty"
("C:\Users\19107262\AppData\Local\Programs\MiKTeX 2.9\tex/generic/pgf/utilities
\pgfkeys.code.tex"))
("C:\Users\19107262\AppData\Local\Programs\MiKTeX 2.9\tex/latex/pgf/math\pgfmat
h.sty"
("C:\Users\19107262\AppData\Local\Programs\MiKTeX 2.9\tex/generic/pgf/math\pgfm
ath.code.tex"))
("C:\Users\19107262\AppData\Local\Programs\MiKTeX 2.9\tex/generic/pgf/utilities
\pgffor.code.tex"
Package: pgffor 2019/08/03 v3.1.4b (3.1.4b)

("C:\Users\19107262\AppData\Local\Programs\MiKTeX 2.9\tex/generic/pgf/math\pgfm
ath.code.tex")
\pgffor@iter=\dimen144
\pgffor@skip=\dimen145
\pgffor@stack=\toks25
\pgffor@toks=\toks26
))
("C:\Users\19107262\AppData\Local\Programs\MiKTeX 2.9\tex/generic/pgf/frontendl
ayer/tikz\tikz.code.tex"
Package: tikz 2019/08/03 v3.1.4b (3.1.4b)

("C:\Users\19107262\AppData\Local\Programs\MiKTeX 2.9\tex/generic/pgf/libraries
\pgflibraryplothandlers.code.tex"
File: pgflibraryplothandlers.code.tex 2019/08/03 v3.1.4b (3.1.4b)
\pgf@plot@mark@count=\count100
\pgfplotmarksize=\dimen146
)
\tikz@lastx=\dimen147
\tikz@lasty=\dimen148
\tikz@lastxsaved=\dimen149
\tikz@lastysaved=\dimen150
\tikz@lastmovetox=\dimen151
\tikz@lastmovetoy=\dimen152
\tikzleveldistance=\dimen153
\tikzsiblingdistance=\dimen154
\tikz@figbox=\box34
\tikz@figbox@bg=\box35
\tikz@tempbox=\box36
\tikz@tempbox@bg=\box37
\tikztreelevel=\count101
\tikznumberofchildren=\count102
\tikznumberofcurrentchild=\count103
\tikz@fig@count=\count104

("C:\Users\19107262\AppData\Local\Programs\MiKTeX 2.9\tex/generic/pgf/modules\p
gfmodulematrix.code.tex"
File: pgfmodulematrix.code.tex 2019/08/03 v3.1.4b (3.1.4b)
\pgfmatrixcurrentrow=\count105
\pgfmatrixcurrentcolumn=\count106
\pgf@matrix@numberofcolumns=\count107
)
\tikz@expandcount=\count108

("C:\Users\19107262\AppData\Local\Programs\MiKTeX 2.9\tex/generic/pgf/frontendl
ayer/tikz/libraries\tikzlibrarytopaths.code.tex"
File: tikzlibrarytopaths.code.tex 2019/08/03 v3.1.4b (3.1.4b)
)))
("C:\Users\19107262\AppData\Local\Programs\MiKTeX 2.9\tex/generic/pgf/frontendl
ayer/tikz/libraries\tikzlibrarycalc.code.tex"
File: tikzlibrarycalc.code.tex 2019/08/03 v3.1.4b (3.1.4b)
)
("C:\Users\19107262\AppData\Local\Programs\MiKTeX 2.9\tex/latex/biblatex\biblat
ex.sty"
Package: biblatex 2019/08/31 v3.13a programmable bibliographies (PK/MW)

("C:\Users\19107262\AppData\Local\Programs\MiKTeX 2.9\tex/generic/oberdiek\pdft
excmds.sty"
Package: pdftexcmds 2019/07/25 v0.30 Utility functions of pdfTeX for LuaTeX (HO
)

("C:\Users\19107262\AppData\Local\Programs\MiKTeX 2.9\tex/generic/oberdiek\infw
arerr.sty"
Package: infwarerr 2016/05/16 v1.4 Providing info/warning/error messages (HO)
)
("C:\Users\19107262\AppData\Local\Programs\MiKTeX 2.9\tex/generic/iftex\ifluate
x.sty"
Package: ifluatex 2019/10/25 v1.5 ifluatex legacy package. Use iftex instead.

("C:\Users\19107262\AppData\Local\Programs\MiKTeX 2.9\tex/generic/iftex\iftex.s
ty"
Package: iftex 2019/10/24 v1.0a TeX engine tests
))
("C:\Users\19107262\AppData\Local\Programs\MiKTeX 2.9\tex/generic/oberdiek\ltxc
mds.sty"
Package: ltxcmds 2016/05/16 v1.23 LaTeX kernel commands for general use (HO)
)
("C:\Users\19107262\AppData\Local\Programs\MiKTeX 2.9\tex/generic/iftex\ifpdf.s
ty"
Package: ifpdf 2019/10/25 v3.4 ifpdf legacy package. Use iftex instead.
)
Package pdftexcmds Info: LuaTeX not detected.
Package pdftexcmds Info: \pdf@primitive is available.
Package pdftexcmds Info: \pdf@ifprimitive is available.
Package pdftexcmds Info: \pdfdraftmode found.
)
("C:\Users\19107262\AppData\Local\Programs\MiKTeX 2.9\tex/latex/etoolbox\etoolb
ox.sty"
Package: etoolbox 2019/09/21 v2.5h e-TeX tools for LaTeX (JAW)
\etb@tempcnta=\count109
)
("C:\Users\19107262\AppData\Local\Programs\MiKTeX 2.9\tex/latex/oberdiek\kvopti
ons.sty"
Package: kvoptions 2016/05/16 v3.12 Key value format for package options (HO)

("C:\Users\19107262\AppData\Local\Programs\MiKTeX 2.9\tex/generic/oberdiek\kvse
tkeys.sty"
Package: kvsetkeys 2016/05/16 v1.17 Key value parser (HO)

("C:\Users\19107262\AppData\Local\Programs\MiKTeX 2.9\tex/generic/oberdiek\etex
cmds.sty"
Package: etexcmds 2016/05/16 v1.6 Avoid name clashes with e-TeX commands (HO)
)))
("C:\Users\19107262\AppData\Local\Programs\MiKTeX 2.9\tex/latex/logreq\logreq.s
ty"
Package: logreq 2010/08/04 v1.0 xml request logger
\lrq@indent=\count110

("C:\Users\19107262\AppData\Local\Programs\MiKTeX 2.9\tex/latex/logreq\logreq.d
ef"
File: logreq.def 2010/08/04 v1.0 logreq spec v1.0
))
("C:\Users\19107262\AppData\Local\Programs\MiKTeX 2.9\tex/latex/base\ifthen.sty
"
Package: ifthen 2014/09/29 v1.1c Standard LaTeX ifthen package (DPC)
) ("C:\Users\19107262\AppData\Local\Programs\MiKTeX 2.9\tex/latex/url\url.sty"
\Urlmuskip=\muskip10
Package: url 2013/09/16  ver 3.4  Verb mode for urls, etc.
)
\c@tabx@nest=\count111
\c@listtotal=\count112
\c@listcount=\count113
\c@liststart=\count114
\c@liststop=\count115
\c@citecount=\count116
\c@citetotal=\count117
\c@multicitecount=\count118
\c@multicitetotal=\count119
\c@instcount=\count120
\c@maxnames=\count121
\c@minnames=\count122
\c@maxitems=\count123
\c@minitems=\count124
\c@citecounter=\count125
\c@maxcitecounter=\count126
\c@savedcitecounter=\count127
\c@uniquelist=\count128
\c@uniquename=\count129
\c@refsection=\count130
\c@refsegment=\count131
\c@maxextratitle=\count132
\c@maxextratitleyear=\count133
\c@maxextraname=\count134
\c@maxextradate=\count135
\c@maxextraalpha=\count136
\c@abbrvpenalty=\count137
\c@highnamepenalty=\count138
\c@lownamepenalty=\count139
\c@maxparens=\count140
\c@parenlevel=\count141
\blx@tempcnta=\count142
\blx@tempcntb=\count143
\blx@tempcntc=\count144
\blx@maxsection=\count145
\blx@maxsegment@0=\count146
\blx@notetype=\count147
\blx@parenlevel@text=\count148
\blx@parenlevel@foot=\count149
\blx@sectionciteorder@0=\count150
\blx@entrysetcounter=\count151
\labelnumberwidth=\skip43
\labelalphawidth=\skip44
\biblabelsep=\skip45
\bibitemsep=\skip46
\bibnamesep=\skip47
\bibinitsep=\skip48
\bibparsep=\skip49
\bibhang=\skip50
\blx@bcfin=\read2
\blx@bcfout=\write4
\blx@langwohyphens=\language82
\c@mincomprange=\count152
\c@maxcomprange=\count153
\c@mincompwidth=\count154
Package biblatex Info: Trying to load biblatex default data model...
Package biblatex Info: ... file 'blx-dm.def' found.

("C:\Users\19107262\AppData\Local\Programs\MiKTeX 2.9\tex/latex/biblatex\blx-dm
.def"
File: blx-dm.def 2019/08/31 v3.13a biblatex localization (PK/MW)
)
Package biblatex Info: Trying to load biblatex custom data model...
Package biblatex Info: ... file 'biblatex-dm.cfg' not found.
\c@afterword=\count155
\c@savedafterword=\count156
\c@annotator=\count157
\c@savedannotator=\count158
\c@author=\count159
\c@savedauthor=\count160
\c@bookauthor=\count161
\c@savedbookauthor=\count162
\c@commentator=\count163
\c@savedcommentator=\count164
\c@editor=\count165
\c@savededitor=\count166
\c@editora=\count167
\c@savededitora=\count168
\c@editorb=\count169
\c@savededitorb=\count170
\c@editorc=\count171
\c@savededitorc=\count172
\c@foreword=\count173
\c@savedforeword=\count174
\c@holder=\count175
\c@savedholder=\count176
\c@introduction=\count177
\c@savedintroduction=\count178
\c@namea=\count179
\c@savednamea=\count180
\c@nameb=\count181
\c@savednameb=\count182
\c@namec=\count183
\c@savednamec=\count184
\c@translator=\count185
\c@savedtranslator=\count186
\c@shortauthor=\count187
\c@savedshortauthor=\count188
\c@shorteditor=\count189
\c@savedshorteditor=\count190
\c@labelname=\count191
\c@savedlabelname=\count192
\c@institution=\count193
\c@savedinstitution=\count194
\c@lista=\count195
\c@savedlista=\count196
\c@listb=\count197
\c@savedlistb=\count198
\c@listc=\count199
\c@savedlistc=\count266
\c@listd=\count267
\c@savedlistd=\count268
\c@liste=\count269
\c@savedliste=\count270
\c@listf=\count271
\c@savedlistf=\count272
\c@location=\count273
\c@savedlocation=\count274
\c@organization=\count275
\c@savedorganization=\count276
\c@origlocation=\count277
\c@savedoriglocation=\count278
\c@origpublisher=\count279
\c@savedorigpublisher=\count280
\c@publisher=\count281
\c@savedpublisher=\count282
\c@language=\count283
\c@savedlanguage=\count284
\c@origlanguage=\count285
\c@savedoriglanguage=\count286
\c@pageref=\count287
\c@savedpageref=\count288
\shorthandwidth=\skip51
\shortjournalwidth=\skip52
\shortserieswidth=\skip53
\shorttitlewidth=\skip54
\shortauthorwidth=\skip55
\shorteditorwidth=\skip56
\locallabelnumberwidth=\skip57
\locallabelalphawidth=\skip58
\localshorthandwidth=\skip59
\localshortjournalwidth=\skip60
\localshortserieswidth=\skip61
\localshorttitlewidth=\skip62
\localshortauthorwidth=\skip63
\localshorteditorwidth=\skip64
Package biblatex Info: Trying to load compatibility code...
Package biblatex Info: ... file 'blx-compat.def' found.

("C:\Users\19107262\AppData\Local\Programs\MiKTeX 2.9\tex/latex/biblatex\blx-co
mpat.def"
File: blx-compat.def 2019/08/31 v3.13a biblatex compatibility (PK/MW)
)
Package biblatex Info: Trying to load generic definitions...
Package biblatex Info: ... file 'biblatex.def' found.

("C:\Users\19107262\AppData\Local\Programs\MiKTeX 2.9\tex/latex/biblatex\biblat
ex.def"
File: biblatex.def 2019/08/31 v3.13a biblatex compatibility (PK/MW)
\c@textcitecount=\count289
\c@textcitetotal=\count290
\c@textcitemaxnames=\count291
\c@biburlbigbreakpenalty=\count292
\c@biburlbreakpenalty=\count293
\c@biburlnumpenalty=\count294
\c@biburlucpenalty=\count295
\c@biburllcpenalty=\count296
\biburlbigskip=\muskip11
\biburlnumskip=\muskip12
\biburlucskip=\muskip13
\biburllcskip=\muskip14
\c@smartand=\count297
)
Package biblatex Info: Trying to load bibliography style 'numeric'...
Package biblatex Info: ... file 'numeric.bbx' found.

("C:\Users\19107262\AppData\Local\Programs\MiKTeX 2.9\tex/latex/biblatex/bbx\nu
meric.bbx"
File: numeric.bbx 2019/08/31 v3.13a biblatex bibliography style (PK/MW)
Package biblatex Info: Trying to load bibliography style 'standard'...
Package biblatex Info: ... file 'standard.bbx' found.

("C:\Users\19107262\AppData\Local\Programs\MiKTeX 2.9\tex/latex/biblatex/bbx\st
andard.bbx"
File: standard.bbx 2019/08/31 v3.13a biblatex bibliography style (PK/MW)
\c@bbx:relatedcount=\count298
\c@bbx:relatedtotal=\count299
))
Package biblatex Info: Trying to load citation style 'numeric'...
Package biblatex Info: ... file 'numeric.cbx' found.

("C:\Users\19107262\AppData\Local\Programs\MiKTeX 2.9\tex/latex/biblatex/cbx\nu
meric.cbx"
File: numeric.cbx 2019/08/31 v3.13a biblatex citation style (PK/MW)
Package biblatex Info: Redefining '\cite'.
Package biblatex Info: Redefining '\parencite'.
Package biblatex Info: Redefining '\footcite'.
Package biblatex Info: Redefining '\footcitetext'.
Package biblatex Info: Redefining '\smartcite'.
Package biblatex Info: Redefining '\supercite'.
Package biblatex Info: Redefining '\textcite'.
Package biblatex Info: Redefining '\textcites'.
Package biblatex Info: Redefining '\cites'.
Package biblatex Info: Redefining '\parencites'.
Package biblatex Info: Redefining '\smartcites'.
)
Package biblatex Info: Trying to load configuration file...
Package biblatex Info: ... file 'biblatex.cfg' found.

("C:\Users\19107262\AppData\Local\Programs\MiKTeX 2.9\tex/latex/biblatex\biblat
ex.cfg"
File: biblatex.cfg 
))
Package biblatex Info: Trying to load language 'english'...
Package biblatex Info: ... file 'english.lbx' found.

("C:\Users\19107262\AppData\Local\Programs\MiKTeX 2.9\tex/latex/biblatex/lbx\en
glish.lbx"
File: english.lbx 2019/08/31 v3.13a biblatex localization (PK/MW)
)
\@quotelevel=\count300
\@quotereset=\count301
 (GeometryMain.aux)
\openout1 = `GeometryMain.aux'.

LaTeX Font Info:    Checking defaults for OML/cmm/m/it on input line 11.
LaTeX Font Info:    ... okay on input line 11.
LaTeX Font Info:    Checking defaults for T1/cmr/m/n on input line 11.
LaTeX Font Info:    ... okay on input line 11.
LaTeX Font Info:    Checking defaults for OT1/cmr/m/n on input line 11.
LaTeX Font Info:    ... okay on input line 11.
LaTeX Font Info:    Checking defaults for OMS/cmsy/m/n on input line 11.
LaTeX Font Info:    ... okay on input line 11.
LaTeX Font Info:    Checking defaults for OMX/cmex/m/n on input line 11.
LaTeX Font Info:    ... okay on input line 11.
LaTeX Font Info:    Checking defaults for U/cmr/m/n on input line 11.
LaTeX Font Info:    ... okay on input line 11.
 ABD: EveryShipout initializing macros
("C:\Users\19107262\AppData\Local\Programs\MiKTeX 2.9\tex/context/base/mkii\sup
p-pdf.mkii"
[Loading MPS to PDF converter (version 2006.09.02).]
\scratchcounter=\count302
\scratchdimen=\dimen155
\scratchbox=\box38
\nofMPsegments=\count303
\nofMParguments=\count304
\everyMPshowfont=\toks27
\MPscratchCnt=\count305
\MPscratchDim=\dimen156
\MPnumerator=\count306
\makeMPintoPDFobject=\count307
\everyMPtoPDFconversion=\toks28
)
("C:\Users\19107262\AppData\Local\Programs\MiKTeX 2.9\tex/latex/oberdiek\epstop
df-base.sty"
Package: epstopdf-base 2016/05/15 v2.6 Base part for package epstopdf

("C:\Users\19107262\AppData\Local\Programs\MiKTeX 2.9\tex/latex/oberdiek\grfext
.sty"
Package: grfext 2016/05/16 v1.2 Manage graphics extensions (HO)

("C:\Users\19107262\AppData\Local\Programs\MiKTeX 2.9\tex/generic/oberdiek\kvde
finekeys.sty"
Package: kvdefinekeys 2016/05/16 v1.4 Define keys (HO)
))
Package epstopdf-base Info: Redefining graphics rule for `.eps' on input line 4
38.
Package grfext Info: Graphics extension search list:
(grfext)             [.pdf,.png,.jpg,.mps,.jpeg,.jbig2,.jb2,.PDF,.PNG,.JPG,.JPE
G,.JBIG2,.JB2,.eps]
(grfext)             \AppendGraphicsExtensions on input line 456.
)
Package biblatex Info: Input encoding 'utf8' detected.
Package biblatex Info: Automatic encoding selection.
(biblatex)             Assuming data encoding 'utf8'.
\openout4 = `GeometryMain.bcf'.

Package biblatex Info: Trying to load bibliographic data...
Package biblatex Info: ... file 'GeometryMain.bbl' found.
 (GeometryMain.bbl)
Package biblatex Info: Reference section=0 on input line 11.
Package biblatex Info: Reference segment=0 on input line 11.
LaTeX Font Info:    External font `cmex10' loaded for size
(Font)              <7> on input line 28.
LaTeX Font Info:    External font `cmex10' loaded for size
(Font)              <5> on input line 28.

Overfull \hbox (4.0877pt too wide) in paragraph at lines 51--52
 [][] 
 []

LaTeX Font Info:    External font `cmex10' loaded for size
(Font)              <8> on input line 134.
LaTeX Font Info:    External font `cmex10' loaded for size
(Font)              <6> on input line 134.

LaTeX Warning: Empty bibliography on input line 165.

[1

{C:/Users/19107262/AppData/Local/MiKTeX/2.9/pdftex/config/pdftex.map}]
(GeometryMain.aux)
Package logreq Info: Writing requests to 'GeometryMain.run.xml'.
\openout1 = `GeometryMain.run.xml'.

 ) 
Here is how much of TeX's memory you used:
 18772 strings out of 492453
 380531 string characters out of 3118674
 797676 words of memory out of 3000000
 22867 multiletter control sequences out of 15000+200000
 5771 words of font info for 21 fonts, out of 3000000 for 9000
 1141 hyphenation exceptions out of 8191
 60i,8n,54p,807b,745s stack positions out of 5000i,500n,10000p,200000b,50000s
<C:/Users/19107262/AppData/Local/Programs/MiKTeX 2.9/fonts/type1/public/amsfo
nts/cm/cmbx10.pfb><C:/Users/19107262/AppData/Local/Programs/MiKTeX 2.9/fonts/ty
pe1/public/amsfonts/cm/cmmi10.pfb><C:/Users/19107262/AppData/Local/Programs/MiK
TeX 2.9/fonts/type1/public/amsfonts/cm/cmmi8.pfb><C:/Users/19107262/AppData/Loc
al/Programs/MiKTeX 2.9/fonts/type1/public/amsfonts/cm/cmr10.pfb>
Output written on GeometryMain.pdf (1 page, 48010 bytes).
PDF statistics:
 27 PDF objects out of 1000 (max. 8388607)
 0 named destinations out of 1000 (max. 500000)
 19 words of extra memory for PDF output out of 10000 (max. 10000000)

